GET / 200 100 - 3.843 ms
GET /favicon.ico 404 150 - 1.460 ms
GET / 304 - - 1.006 ms
GET / 304 - - 0.592 ms
GET /gatitos 200 4247 - 253.970 ms
GET /gatitos 304 - - 15.413 ms
GET /gatitos 304 - - 13.907 ms
POST /collect 404 147 - 2.558 ms
POST /collect 404 147 - 1.296 ms
POST /collect 404 147 - 3.963 ms
POST /collect 404 147 - 0.994 ms
POST /collect 404 147 - 0.829 ms
POST /collect 404 147 - 0.720 ms
POST /collect 200 - - 1.624 ms
POST /collect 200 - - 0.773 ms
POST /collect 200 - - 0.811 ms
POST /collect 200 - - 0.397 ms
POST /collect 200 - - 0.561 ms
POST /collect 200 - - 0.360 ms
POST /collect 200 - - 0.548 ms
POST /collect 200 - - 0.552 ms
POST /collect 200 - - 0.534 ms
POST /collect 200 - - 0.431 ms
POST /collect 200 - - 0.356 ms
POST /collect 200 - - 0.358 ms
POST /collect 200 - - 0.343 ms
POST /collect 200 - - 0.386 ms
POST /collect 200 - - 0.371 ms
POST /collect 200 - - 0.342 ms
POST /collect 200 - - 0.332 ms
POST /collect 200 - - 0.343 ms
POST /collect 200 - - 0.324 ms
POST /collect 200 - - 0.362 ms
POST /collect 200 - - 0.389 ms
POST /collect 200 - - 0.323 ms
POST /collect 200 - - 0.365 ms
POST /collect 200 - - 0.378 ms
POST /collect 200 - - 0.507 ms
POST /collect 200 - - 0.340 ms
POST /collect 200 - - 0.355 ms
POST /collect 200 - - 0.353 ms
POST /collect 200 - - 0.492 ms
POST /collect 200 - - 0.477 ms
POST /collect 200 - - 0.511 ms
POST /collect 200 - - 0.429 ms
POST /collect 200 - - 0.394 ms
POST /collect 200 - - 0.358 ms
POST /collect 200 - - 0.433 ms
POST /collect 200 - - 0.453 ms
POST /collect 200 - - 0.479 ms
POST /collect 200 - - 0.478 ms
POST /collect 200 - - 0.455 ms
POST /collect 200 - - 0.459 ms
POST /collect 200 - - 0.452 ms
POST /collect 200 - - 0.448 ms
POST /collect 200 - - 0.499 ms
POST /collect 200 - - 0.452 ms
POST /collect 200 - - 0.463 ms
POST /collect 200 - - 0.492 ms
POST /collect 200 - - 0.424 ms
POST /collect 200 - - 0.581 ms
POST /collect 200 - - 0.445 ms
POST /collect 200 - - 0.313 ms
POST /collect 200 - - 0.474 ms
POST /collect 200 - - 0.428 ms
POST /collect 200 - - 0.423 ms
POST /collect 200 - - 0.485 ms
POST /collect 200 - - 0.497 ms
POST /collect 200 - - 0.442 ms
POST /collect 200 - - 0.473 ms
POST /collect 200 - - 0.338 ms
POST /collect 200 - - 0.352 ms
POST /collect 200 - - 0.361 ms
POST /collect 200 - - 0.330 ms
POST /collect 200 - - 0.325 ms
POST /collect 200 - - 0.322 ms
POST /collect 200 - - 0.373 ms
POST /collect 200 - - 0.457 ms
POST /collect 200 - - 0.327 ms
POST /collect 200 - - 0.357 ms
POST /collect 200 - - 0.430 ms
POST /collect 200 - - 0.459 ms
POST /collect 200 - - 0.429 ms
POST /collect 200 - - 0.440 ms
POST /collect 200 - - 0.447 ms
POST /collect 200 - - 0.421 ms
POST /collect 200 - - 0.486 ms
POST /collect 200 - - 0.329 ms
POST /collect 200 - - 0.337 ms
POST /collect 200 - - 0.329 ms
POST /collect 200 - - 0.434 ms
POST /collect 200 - - 0.409 ms
POST /collect 200 - - 0.433 ms
POST /collect 200 - - 0.407 ms
POST /collect 200 - - 0.455 ms
POST /collect 200 - - 0.332 ms
POST /collect 200 - - 0.509 ms
POST /collect 200 - - 0.428 ms
POST /collect 200 - - 0.405 ms
POST /collect 200 - - 0.438 ms
POST /collect 200 - - 0.406 ms
POST /collect 200 - - 0.472 ms
POST /collect 200 - - 0.458 ms
POST /collect 200 - - 0.423 ms
POST /collect 200 - - 0.363 ms
POST /collect 200 - - 0.402 ms
POST /collect 200 - - 0.326 ms
POST /collect 200 - - 0.331 ms
POST /collect 200 - - 0.428 ms
POST /collect 200 - - 0.451 ms
POST /collect 200 - - 0.413 ms
POST /collect 200 - - 0.426 ms
POST /collect 200 241 - 4.356 ms
POST /collect 200 241 - 1.515 ms
POST /collect 200 419 - 1.944 ms
POST /collect 200 422 - 0.966 ms
POST /collect 200 241 - 0.873 ms
POST /collect 200 1460 - 2.397 ms
POST /collect 200 1296 - 1.630 ms
POST /collect 200 884 - 1.556 ms
POST /collect 200 1717 - 1.756 ms
POST /collect 200 1632 - 1.118 ms
POST /collect 200 1806 - 1.055 ms
POST /collect 200 1226 - 0.903 ms
POST /collect 200 1516 - 1.122 ms
POST /collect 200 1107 - 0.969 ms
POST /collect 200 937 - 0.937 ms
POST /collect 200 972 - 0.873 ms
POST /collect 200 423 - 0.662 ms
POST /collect 200 1765 - 1.077 ms
POST /collect 200 1033 - 0.863 ms
POST /collect 200 972 - 0.853 ms
POST /collect 200 972 - 1.296 ms
POST /collect 200 972 - 1.157 ms
POST /collect 200 972 - 1.303 ms
POST /collect 200 972 - 0.940 ms
POST /collect 200 721 - 0.849 ms
POST /collect 200 840 - 0.776 ms
POST /collect 200 1082 - 0.968 ms
POST /collect 200 667 - 0.707 ms
POST /collect 200 911 - 0.770 ms
POST /collect 200 1620 - 1.155 ms
POST /collect 200 1440 - 0.888 ms
POST /collect 200 1027 - 0.937 ms
POST /collect 200 820 - 0.828 ms
POST /collect 200 298 - 0.803 ms
POST /collect 200 994 - 1.102 ms
POST /collect 200 994 - 1.052 ms
POST /collect 200 356 - 0.848 ms
POST /collect 200 588 - 0.969 ms
POST /collect 200 1632 - 1.087 ms
POST /collect 200 472 - 0.946 ms
POST /collect 200 1073 - 1.282 ms
POST /collect 200 878 - 0.844 ms
POST /collect 200 414 - 0.633 ms
POST /collect 200 1516 - 1.357 ms
POST /collect 200 890 - 0.770 ms
POST /collect 200 241 - 0.633 ms
POST /collect 200 241 - 0.606 ms
POST /collect 200 241 - 0.593 ms
POST /collect 200 241 - 0.692 ms
POST /collect 200 241 - 0.639 ms
